c:\users\mripa\onedrive\рабочий стол\lr033\lr033\debug\lr033.pch
c:\users\mripa\onedrive\рабочий стол\lr033\lr033\debug\vc143.pdb
c:\users\mripa\onedrive\рабочий стол\lr033\lr033\debug\vc143.idb
c:\users\mripa\onedrive\рабочий стол\lr033\lr033\debug\pch.obj
c:\users\mripa\onedrive\рабочий стол\lr033\lr033\debug\lr033view.obj
c:\users\mripa\onedrive\рабочий стол\lr033\lr033\debug\lr033.obj
c:\users\mripa\onedrive\рабочий стол\lr033\lr033\debug\mainfrm.obj
c:\users\mripa\onedrive\рабочий стол\lr033\lr033\debug\lr033doc.obj
c:\users\mripa\onedrive\рабочий стол\lr033\debug\lr033.exe
c:\users\mripa\onedrive\рабочий стол\lr033\lr033\debug\lr033.ilk
c:\users\mripa\onedrive\рабочий стол\lr033\debug\lr033.pdb
c:\users\mripa\onedrive\рабочий стол\lr033\lr033\debug\lr033.res
c:\users\mripa\onedrive\рабочий стол\lr033\lr033\debug\vc142.idb
c:\users\mripa\onedrive\рабочий стол\lr033\lr033\debug\vc142.pdb
c:\users\mripa\onedrive\рабочий стол\lr033\debug\lr033.ilk
c:\users\mripa\onedrive\рабочий стол\lr033\lr033\debug\lr033.tlog\cl.command.1.tlog
c:\users\mripa\onedrive\рабочий стол\lr033\lr033\debug\lr033.tlog\cl.read.1.tlog
c:\users\mripa\onedrive\рабочий стол\lr033\lr033\debug\lr033.tlog\cl.write.1.tlog
c:\users\mripa\onedrive\рабочий стол\lr033\lr033\debug\lr033.tlog\link.command.1.tlog
c:\users\mripa\onedrive\рабочий стол\lr033\lr033\debug\lr033.tlog\link.read.1.tlog
c:\users\mripa\onedrive\рабочий стол\lr033\lr033\debug\lr033.tlog\link.write.1.tlog
c:\users\mripa\onedrive\рабочий стол\lr033\lr033\debug\lr033.tlog\rc.command.1.tlog
c:\users\mripa\onedrive\рабочий стол\lr033\lr033\debug\lr033.tlog\rc.read.1.tlog
c:\users\mripa\onedrive\рабочий стол\lr033\lr033\debug\lr033.tlog\rc.write.1.tlog
